2024-07-20 14:02:26.390 INFO  --- [restartedMain] com.kn.initialmusic.InitialMusicApplication Line:51  - Starting InitialMusicApplication using Java 17 with PID 34568 (D:\Workspeace\InitialMusic\target\classes started by 窃宁康 in D:\Workspeace\InitialMusic)
2024-07-20 14:02:26.393 INFO  --- [restartedMain] com.kn.initialmusic.InitialMusicApplication Line:638 - The following 1 profile is active: "dev"
2024-07-20 14:02:26.434 INFO  --- [restartedMain] org.springframework.boot.devtools.env.DevToolsPropertyDefaultsPostProcessor Line:250 - Devtools property defaults active! Set 'spring.devtools.add-properties' to 'false' to disable
2024-07-20 14:02:26.435 INFO  --- [restartedMain] org.springframework.boot.devtools.env.DevToolsPropertyDefaultsPostProcessor Line:250 - For additional web related logging consider setting the 'logging.level.web' property to 'DEBUG'
2024-07-20 14:02:27.119 INFO  --- [restartedMain] org.springframework.data.repository.config.RepositoryConfigurationDelegate Line:291 - Multiple Spring Data modules found, entering strict repository configuration mode
2024-07-20 14:02:27.122 INFO  --- [restartedMain] org.springframework.data.repository.config.RepositoryConfigurationDelegate Line:138 - Bootstrapping Spring Data Redis repositories in DEFAULT mode.
2024-07-20 14:02:27.154 INFO  --- [restartedMain] org.springframework.data.repository.config.RepositoryConfigurationDelegate Line:208 - Finished Spring Data repository scanning in 18 ms. Found 0 Redis repository interfaces.
2024-07-20 14:02:27.824 INFO  --- [restartedMain] org.springframework.boot.web.embedded.tomcat.TomcatWebServer Line:108 - Tomcat initialized with port(s): 80 (http)
2024-07-20 14:02:27.835 INFO  --- [restartedMain] org.apache.coyote.http11.Http11NioProtocol Line:173 - Initializing ProtocolHandler ["http-nio-80"]
2024-07-20 14:02:27.837 INFO  --- [restartedMain] org.apache.catalina.core.StandardService Line:173 - Starting service [Tomcat]
2024-07-20 14:02:27.838 INFO  --- [restartedMain] org.apache.catalina.core.StandardEngine Line:173 - Starting Servlet engine: [Apache Tomcat/10.1.13]
2024-07-20 14:02:27.910 INFO  --- [restartedMain] org.apache.catalina.core.ContainerBase.[Tomcat].[localhost].[/] Line:173 - Initializing Spring embedded WebApplicationContext
2024-07-20 14:02:27.910 INFO  --- [restartedMain] org.springframework.boot.web.servlet.context.ServletWebServerApplicationContext Line:291 - Root WebApplicationContext: initialization completed in 1475 ms
2024-07-20 14:02:28.851 INFO  --- [restartedMain] org.springframework.boot.autoconfigure.web.servlet.WelcomePageHandlerMapping Line:59  - Adding welcome page: class path resource [static/index.html]
2024-07-20 14:02:29.029 INFO  --- [restartedMain] org.springframework.boot.devtools.autoconfigure.OptionalLiveReloadServer Line:59  - LiveReload server is running on port 35729
2024-07-20 14:02:29.054 INFO  --- [restartedMain] org.apache.coyote.http11.Http11NioProtocol Line:173 - Starting ProtocolHandler ["http-nio-80"]
2024-07-20 14:02:29.081 INFO  --- [restartedMain] org.springframework.boot.web.embedded.tomcat.TomcatWebServer Line:220 - Tomcat started on port(s): 80 (http) with context path ''
2024-07-20 14:02:29.093 INFO  --- [restartedMain] com.kn.initialmusic.InitialMusicApplication Line:57  - Started InitialMusicApplication in 3.197 seconds (process running for 4.373)
2024-07-20 14:02:46.280 INFO  --- [http-nio-80-exec-1] org.apache.catalina.core.ContainerBase.[Tomcat].[localhost].[/] Line:173 - Initializing Spring DispatcherServlet 'dispatcherServlet'
2024-07-20 14:02:46.480 INFO  --- [http-nio-80-exec-6] com.alibaba.druid.pool.DruidDataSource Line:1002 - {dataSource-1} inited
2024-07-20 16:46:46.081 INFO  --- [SpringApplicationShutdownHook] com.alibaba.druid.pool.DruidDataSource Line:1885 - {dataSource-1} closing ...
2024-07-20 16:46:46.086 INFO  --- [SpringApplicationShutdownHook] com.alibaba.druid.pool.DruidDataSource Line:1955 - {dataSource-1} closed
2024-07-20 17:38:35.529 INFO  --- [restartedMain] com.kn.initialmusic.InitialMusicApplication Line:51  - Starting InitialMusicApplication using Java 17 with PID 4496 (D:\Workspeace\InitialMusic\target\classes started by 窃宁康 in D:\Workspeace\InitialMusic)
2024-07-20 17:38:35.533 INFO  --- [restartedMain] com.kn.initialmusic.InitialMusicApplication Line:638 - The following 1 profile is active: "dev"
2024-07-20 17:38:35.582 INFO  --- [restartedMain] org.springframework.boot.devtools.env.DevToolsPropertyDefaultsPostProcessor Line:250 - Devtools property defaults active! Set 'spring.devtools.add-properties' to 'false' to disable
2024-07-20 17:38:35.583 INFO  --- [restartedMain] org.springframework.boot.devtools.env.DevToolsPropertyDefaultsPostProcessor Line:250 - For additional web related logging consider setting the 'logging.level.web' property to 'DEBUG'
2024-07-20 17:38:36.417 INFO  --- [restartedMain] org.springframework.data.repository.config.RepositoryConfigurationDelegate Line:291 - Multiple Spring Data modules found, entering strict repository configuration mode
2024-07-20 17:38:36.420 INFO  --- [restartedMain] org.springframework.data.repository.config.RepositoryConfigurationDelegate Line:138 - Bootstrapping Spring Data Redis repositories in DEFAULT mode.
2024-07-20 17:38:36.457 INFO  --- [restartedMain] org.springframework.data.repository.config.RepositoryConfigurationDelegate Line:208 - Finished Spring Data repository scanning in 17 ms. Found 0 Redis repository interfaces.
2024-07-20 17:38:37.193 INFO  --- [restartedMain] org.springframework.boot.web.embedded.tomcat.TomcatWebServer Line:108 - Tomcat initialized with port(s): 80 (http)
2024-07-20 17:38:37.202 INFO  --- [restartedMain] org.apache.coyote.http11.Http11NioProtocol Line:173 - Initializing ProtocolHandler ["http-nio-80"]
2024-07-20 17:38:37.204 INFO  --- [restartedMain] org.apache.catalina.core.StandardService Line:173 - Starting service [Tomcat]
2024-07-20 17:38:37.204 INFO  --- [restartedMain] org.apache.catalina.core.StandardEngine Line:173 - Starting Servlet engine: [Apache Tomcat/10.1.13]
2024-07-20 17:38:37.270 INFO  --- [restartedMain] org.apache.catalina.core.ContainerBase.[Tomcat].[localhost].[/] Line:173 - Initializing Spring embedded WebApplicationContext
2024-07-20 17:38:37.271 INFO  --- [restartedMain] org.springframework.boot.web.servlet.context.ServletWebServerApplicationContext Line:291 - Root WebApplicationContext: initialization completed in 1687 ms
2024-07-20 17:38:38.304 INFO  --- [restartedMain] org.springframework.boot.autoconfigure.web.servlet.WelcomePageHandlerMapping Line:59  - Adding welcome page: class path resource [static/index.html]
2024-07-20 17:38:38.492 INFO  --- [restartedMain] org.springframework.boot.devtools.autoconfigure.OptionalLiveReloadServer Line:59  - LiveReload server is running on port 35729
2024-07-20 17:38:38.515 INFO  --- [restartedMain] org.apache.coyote.http11.Http11NioProtocol Line:173 - Starting ProtocolHandler ["http-nio-80"]
2024-07-20 17:38:38.539 INFO  --- [restartedMain] org.springframework.boot.web.embedded.tomcat.TomcatWebServer Line:220 - Tomcat started on port(s): 80 (http) with context path ''
2024-07-20 17:38:38.550 INFO  --- [restartedMain] com.kn.initialmusic.InitialMusicApplication Line:57  - Started InitialMusicApplication in 3.917 seconds (process running for 5.064)
2024-07-20 19:37:23.039 INFO  --- [http-nio-80-exec-2] org.apache.catalina.core.ContainerBase.[Tomcat].[localhost].[/] Line:173 - Initializing Spring DispatcherServlet 'dispatcherServlet'
2024-07-20 19:37:23.276 INFO  --- [http-nio-80-exec-5] com.alibaba.druid.pool.DruidDataSource Line:1002 - {dataSource-1} inited
2024-07-20 21:58:58.250 INFO  --- [SpringApplicationShutdownHook] com.alibaba.druid.pool.DruidDataSource Line:1885 - {dataSource-1} closing ...
2024-07-20 21:58:58.267 INFO  --- [SpringApplicationShutdownHook] com.alibaba.druid.pool.DruidDataSource Line:1955 - {dataSource-1} closed
2024-07-20 21:59:03.742 INFO  --- [restartedMain] com.kn.initialmusic.InitialMusicApplication Line:51  - Starting InitialMusicApplication using Java 17 with PID 31196 (D:\Workspeace\InitialMusic\target\classes started by 窃宁康 in D:\Workspeace\InitialMusic)
2024-07-20 21:59:03.745 INFO  --- [restartedMain] com.kn.initialmusic.InitialMusicApplication Line:638 - The following 1 profile is active: "dev"
2024-07-20 21:59:03.784 INFO  --- [restartedMain] org.springframework.boot.devtools.env.DevToolsPropertyDefaultsPostProcessor Line:250 - Devtools property defaults active! Set 'spring.devtools.add-properties' to 'false' to disable
2024-07-20 21:59:03.784 INFO  --- [restartedMain] org.springframework.boot.devtools.env.DevToolsPropertyDefaultsPostProcessor Line:250 - For additional web related logging consider setting the 'logging.level.web' property to 'DEBUG'
2024-07-20 21:59:04.524 INFO  --- [restartedMain] org.springframework.data.repository.config.RepositoryConfigurationDelegate Line:291 - Multiple Spring Data modules found, entering strict repository configuration mode
2024-07-20 21:59:04.527 INFO  --- [restartedMain] org.springframework.data.repository.config.RepositoryConfigurationDelegate Line:138 - Bootstrapping Spring Data Redis repositories in DEFAULT mode.
2024-07-20 21:59:04.558 INFO  --- [restartedMain] org.springframework.data.repository.config.RepositoryConfigurationDelegate Line:208 - Finished Spring Data repository scanning in 15 ms. Found 0 Redis repository interfaces.
2024-07-20 21:59:05.208 INFO  --- [restartedMain] org.springframework.boot.web.embedded.tomcat.TomcatWebServer Line:108 - Tomcat initialized with port(s): 80 (http)
2024-07-20 21:59:05.216 INFO  --- [restartedMain] org.apache.coyote.http11.Http11NioProtocol Line:173 - Initializing ProtocolHandler ["http-nio-80"]
2024-07-20 21:59:05.217 INFO  --- [restartedMain] org.apache.catalina.core.StandardService Line:173 - Starting service [Tomcat]
2024-07-20 21:59:05.218 INFO  --- [restartedMain] org.apache.catalina.core.StandardEngine Line:173 - Starting Servlet engine: [Apache Tomcat/10.1.13]
2024-07-20 21:59:05.272 INFO  --- [restartedMain] org.apache.catalina.core.ContainerBase.[Tomcat].[localhost].[/] Line:173 - Initializing Spring embedded WebApplicationContext
2024-07-20 21:59:05.273 INFO  --- [restartedMain] org.springframework.boot.web.servlet.context.ServletWebServerApplicationContext Line:291 - Root WebApplicationContext: initialization completed in 1487 ms
2024-07-20 21:59:06.087 INFO  --- [restartedMain] org.springframework.boot.autoconfigure.web.servlet.WelcomePageHandlerMapping Line:59  - Adding welcome page: class path resource [static/index.html]
2024-07-20 21:59:06.246 INFO  --- [restartedMain] org.springframework.boot.devtools.autoconfigure.OptionalLiveReloadServer Line:59  - LiveReload server is running on port 35729
2024-07-20 21:59:06.264 INFO  --- [restartedMain] org.apache.coyote.http11.Http11NioProtocol Line:173 - Starting ProtocolHandler ["http-nio-80"]
2024-07-20 21:59:06.285 INFO  --- [restartedMain] org.springframework.boot.web.embedded.tomcat.TomcatWebServer Line:220 - Tomcat started on port(s): 80 (http) with context path ''
2024-07-20 21:59:06.293 INFO  --- [restartedMain] com.kn.initialmusic.InitialMusicApplication Line:57  - Started InitialMusicApplication in 3.037 seconds (process running for 3.816)
2024-07-20 21:59:21.408 INFO  --- [http-nio-80-exec-6] org.apache.catalina.core.ContainerBase.[Tomcat].[localhost].[/] Line:173 - Initializing Spring DispatcherServlet 'dispatcherServlet'
2024-07-20 21:59:21.585 INFO  --- [http-nio-80-exec-5] com.alibaba.druid.pool.DruidDataSource Line:1002 - {dataSource-1} inited
2024-07-20 21:59:52.906 INFO  --- [SpringApplicationShutdownHook] com.alibaba.druid.pool.DruidDataSource Line:1885 - {dataSource-1} closing ...
2024-07-20 21:59:52.913 INFO  --- [SpringApplicationShutdownHook] com.alibaba.druid.pool.DruidDataSource Line:1955 - {dataSource-1} closed
2024-07-20 21:59:57.723 INFO  --- [restartedMain] com.kn.initialmusic.InitialMusicApplication Line:51  - Starting InitialMusicApplication using Java 17 with PID 29136 (D:\Workspeace\InitialMusic\target\classes started by 窃宁康 in D:\Workspeace\InitialMusic)
2024-07-20 21:59:57.726 INFO  --- [restartedMain] com.kn.initialmusic.InitialMusicApplication Line:638 - The following 1 profile is active: "dev"
2024-07-20 21:59:57.763 INFO  --- [restartedMain] org.springframework.boot.devtools.env.DevToolsPropertyDefaultsPostProcessor Line:250 - Devtools property defaults active! Set 'spring.devtools.add-properties' to 'false' to disable
2024-07-20 21:59:57.764 INFO  --- [restartedMain] org.springframework.boot.devtools.env.DevToolsPropertyDefaultsPostProcessor Line:250 - For additional web related logging consider setting the 'logging.level.web' property to 'DEBUG'
2024-07-20 21:59:58.348 INFO  --- [restartedMain] org.springframework.data.repository.config.RepositoryConfigurationDelegate Line:291 - Multiple Spring Data modules found, entering strict repository configuration mode
2024-07-20 21:59:58.350 INFO  --- [restartedMain] org.springframework.data.repository.config.RepositoryConfigurationDelegate Line:138 - Bootstrapping Spring Data Redis repositories in DEFAULT mode.
2024-07-20 21:59:58.384 INFO  --- [restartedMain] org.springframework.data.repository.config.RepositoryConfigurationDelegate Line:208 - Finished Spring Data repository scanning in 15 ms. Found 0 Redis repository interfaces.
2024-07-20 21:59:58.938 INFO  --- [restartedMain] org.springframework.boot.web.embedded.tomcat.TomcatWebServer Line:108 - Tomcat initialized with port(s): 80 (http)
2024-07-20 21:59:58.945 INFO  --- [restartedMain] org.apache.coyote.http11.Http11NioProtocol Line:173 - Initializing ProtocolHandler ["http-nio-80"]
2024-07-20 21:59:58.947 INFO  --- [restartedMain] org.apache.catalina.core.StandardService Line:173 - Starting service [Tomcat]
2024-07-20 21:59:58.947 INFO  --- [restartedMain] org.apache.catalina.core.StandardEngine Line:173 - Starting Servlet engine: [Apache Tomcat/10.1.13]
2024-07-20 21:59:59.000 INFO  --- [restartedMain] org.apache.catalina.core.ContainerBase.[Tomcat].[localhost].[/] Line:173 - Initializing Spring embedded WebApplicationContext
2024-07-20 21:59:59.001 INFO  --- [restartedMain] org.springframework.boot.web.servlet.context.ServletWebServerApplicationContext Line:291 - Root WebApplicationContext: initialization completed in 1237 ms
2024-07-20 21:59:59.662 INFO  --- [restartedMain] org.springframework.boot.autoconfigure.web.servlet.WelcomePageHandlerMapping Line:59  - Adding welcome page: class path resource [static/index.html]
2024-07-20 21:59:59.799 INFO  --- [restartedMain] org.springframework.boot.devtools.autoconfigure.OptionalLiveReloadServer Line:59  - LiveReload server is running on port 35729
2024-07-20 21:59:59.815 INFO  --- [restartedMain] org.apache.coyote.http11.Http11NioProtocol Line:173 - Starting ProtocolHandler ["http-nio-80"]
2024-07-20 21:59:59.834 INFO  --- [restartedMain] org.springframework.boot.web.embedded.tomcat.TomcatWebServer Line:220 - Tomcat started on port(s): 80 (http) with context path ''
2024-07-20 21:59:59.842 INFO  --- [restartedMain] com.kn.initialmusic.InitialMusicApplication Line:57  - Started InitialMusicApplication in 2.538 seconds (process running for 3.208)
2024-07-20 22:00:10.119 INFO  --- [http-nio-80-exec-1] org.apache.catalina.core.ContainerBase.[Tomcat].[localhost].[/] Line:173 - Initializing Spring DispatcherServlet 'dispatcherServlet'
2024-07-20 22:00:10.298 INFO  --- [http-nio-80-exec-4] com.alibaba.druid.pool.DruidDataSource Line:1002 - {dataSource-1} inited
2024-07-20 22:00:41.989 INFO  --- [http-nio-80-exec-2] org.apache.coyote.http11.Http11Processor Line:175 - Error parsing HTTP request header
 Note: further occurrences of HTTP request parsing errors will be logged at DEBUG level.
java.lang.IllegalArgumentException: Invalid character found in the request target [/song/songDE?songID=[object%20Object] ]. The valid characters are defined in RFC 7230 and RFC 3986
	at org.apache.coyote.http11.Http11InputBuffer.parseRequestLine(Http11InputBuffer.java:482)
	at org.apache.coyote.http11.Http11Processor.service(Http11Processor.java:264)
	at org.apache.coyote.AbstractProcessorLight.process(AbstractProcessorLight.java:63)
	at org.apache.coyote.AbstractProtocol$ConnectionHandler.process(AbstractProtocol.java:894)
	at org.apache.tomcat.util.net.NioEndpoint$SocketProcessor.doRun(NioEndpoint.java:1740)
	at org.apache.tomcat.util.net.SocketProcessorBase.run(SocketProcessorBase.java:52)
	at org.apache.tomcat.util.threads.ThreadPoolExecutor.runWorker(ThreadPoolExecutor.java:1191)
	at org.apache.tomcat.util.threads.ThreadPoolExecutor$Worker.run(ThreadPoolExecutor.java:659)
	at org.apache.tomcat.util.threads.TaskThread$WrappingRunnable.run(TaskThread.java:61)
	at java.base/java.lang.Thread.run(Thread.java:833)
2024-07-20 22:02:41.205 INFO  --- [SpringApplicationShutdownHook] com.alibaba.druid.pool.DruidDataSource Line:1885 - {dataSource-1} closing ...
2024-07-20 22:02:41.211 INFO  --- [SpringApplicationShutdownHook] com.alibaba.druid.pool.DruidDataSource Line:1955 - {dataSource-1} closed
