2024-06-26 14:40:08.672 INFO  --- [restartedMain] com.kn.initialmusic.InitialMusicApplication Line:51  - Starting InitialMusicApplication using Java 17 with PID 15264 (D:\Workspeace\InitialMusic\target\classes started by 窃宁康 in D:\Workspeace\InitialMusic)
2024-06-26 14:40:08.675 INFO  --- [restartedMain] com.kn.initialmusic.InitialMusicApplication Line:638 - The following 1 profile is active: "dev"
2024-06-26 14:40:08.718 INFO  --- [restartedMain] org.springframework.boot.devtools.env.DevToolsPropertyDefaultsPostProcessor Line:250 - Devtools property defaults active! Set 'spring.devtools.add-properties' to 'false' to disable
2024-06-26 14:40:08.719 INFO  --- [restartedMain] org.springframework.boot.devtools.env.DevToolsPropertyDefaultsPostProcessor Line:250 - For additional web related logging consider setting the 'logging.level.web' property to 'DEBUG'
2024-06-26 14:40:09.449 INFO  --- [restartedMain] org.springframework.data.repository.config.RepositoryConfigurationDelegate Line:291 - Multiple Spring Data modules found, entering strict repository configuration mode
2024-06-26 14:40:09.452 INFO  --- [restartedMain] org.springframework.data.repository.config.RepositoryConfigurationDelegate Line:138 - Bootstrapping Spring Data Redis repositories in DEFAULT mode.
2024-06-26 14:40:09.483 INFO  --- [restartedMain] org.springframework.data.repository.config.RepositoryConfigurationDelegate Line:208 - Finished Spring Data repository scanning in 16 ms. Found 0 Redis repository interfaces.
2024-06-26 14:40:10.123 INFO  --- [restartedMain] org.springframework.boot.web.embedded.tomcat.TomcatWebServer Line:108 - Tomcat initialized with port(s): 80 (http)
2024-06-26 14:40:10.130 INFO  --- [restartedMain] org.apache.coyote.http11.Http11NioProtocol Line:173 - Initializing ProtocolHandler ["http-nio-80"]
2024-06-26 14:40:10.132 INFO  --- [restartedMain] org.apache.catalina.core.StandardService Line:173 - Starting service [Tomcat]
2024-06-26 14:40:10.132 INFO  --- [restartedMain] org.apache.catalina.core.StandardEngine Line:173 - Starting Servlet engine: [Apache Tomcat/10.1.13]
2024-06-26 14:40:10.189 INFO  --- [restartedMain] org.apache.catalina.core.ContainerBase.[Tomcat].[localhost].[/] Line:173 - Initializing Spring embedded WebApplicationContext
2024-06-26 14:40:10.189 INFO  --- [restartedMain] org.springframework.boot.web.servlet.context.ServletWebServerApplicationContext Line:291 - Root WebApplicationContext: initialization completed in 1469 ms
2024-06-26 14:40:11.047 INFO  --- [restartedMain] org.springframework.boot.autoconfigure.web.servlet.WelcomePageHandlerMapping Line:59  - Adding welcome page: class path resource [static/index.html]
2024-06-26 14:40:11.252 INFO  --- [restartedMain] org.springframework.boot.devtools.autoconfigure.OptionalLiveReloadServer Line:59  - LiveReload server is running on port 35729
2024-06-26 14:40:11.277 INFO  --- [restartedMain] org.apache.coyote.http11.Http11NioProtocol Line:173 - Starting ProtocolHandler ["http-nio-80"]
2024-06-26 14:40:11.305 INFO  --- [restartedMain] org.springframework.boot.web.embedded.tomcat.TomcatWebServer Line:220 - Tomcat started on port(s): 80 (http) with context path ''
2024-06-26 14:40:11.316 INFO  --- [restartedMain] com.kn.initialmusic.InitialMusicApplication Line:57  - Started InitialMusicApplication in 3.236 seconds (process running for 4.171)
2024-06-26 14:40:48.470 INFO  --- [http-nio-80-exec-1] org.apache.catalina.core.ContainerBase.[Tomcat].[localhost].[/] Line:173 - Initializing Spring DispatcherServlet 'dispatcherServlet'
2024-06-26 14:40:48.730 INFO  --- [http-nio-80-exec-7] com.alibaba.druid.pool.DruidDataSource Line:1002 - {dataSource-1} inited
2024-06-26 16:20:47.329 INFO  --- [SpringApplicationShutdownHook] com.alibaba.druid.pool.DruidDataSource Line:1885 - {dataSource-1} closing ...
2024-06-26 16:20:47.352 INFO  --- [SpringApplicationShutdownHook] com.alibaba.druid.pool.DruidDataSource Line:1955 - {dataSource-1} closed
2024-06-26 16:20:53.087 INFO  --- [restartedMain] com.kn.initialmusic.InitialMusicApplication Line:51  - Starting InitialMusicApplication using Java 17 with PID 26040 (D:\Workspeace\InitialMusic\target\classes started by 窃宁康 in D:\Workspeace\InitialMusic)
2024-06-26 16:20:53.090 INFO  --- [restartedMain] com.kn.initialmusic.InitialMusicApplication Line:638 - The following 1 profile is active: "dev"
2024-06-26 16:20:53.136 INFO  --- [restartedMain] org.springframework.boot.devtools.env.DevToolsPropertyDefaultsPostProcessor Line:250 - Devtools property defaults active! Set 'spring.devtools.add-properties' to 'false' to disable
2024-06-26 16:20:53.137 INFO  --- [restartedMain] org.springframework.boot.devtools.env.DevToolsPropertyDefaultsPostProcessor Line:250 - For additional web related logging consider setting the 'logging.level.web' property to 'DEBUG'
2024-06-26 16:20:53.968 INFO  --- [restartedMain] org.springframework.data.repository.config.RepositoryConfigurationDelegate Line:291 - Multiple Spring Data modules found, entering strict repository configuration mode
2024-06-26 16:20:53.971 INFO  --- [restartedMain] org.springframework.data.repository.config.RepositoryConfigurationDelegate Line:138 - Bootstrapping Spring Data Redis repositories in DEFAULT mode.
2024-06-26 16:20:54.003 INFO  --- [restartedMain] org.springframework.data.repository.config.RepositoryConfigurationDelegate Line:208 - Finished Spring Data repository scanning in 13 ms. Found 0 Redis repository interfaces.
2024-06-26 16:20:54.766 INFO  --- [restartedMain] org.springframework.boot.web.embedded.tomcat.TomcatWebServer Line:108 - Tomcat initialized with port(s): 80 (http)
2024-06-26 16:20:54.777 INFO  --- [restartedMain] org.apache.coyote.http11.Http11NioProtocol Line:173 - Initializing ProtocolHandler ["http-nio-80"]
2024-06-26 16:20:54.779 INFO  --- [restartedMain] org.apache.catalina.core.StandardService Line:173 - Starting service [Tomcat]
2024-06-26 16:20:54.779 INFO  --- [restartedMain] org.apache.catalina.core.StandardEngine Line:173 - Starting Servlet engine: [Apache Tomcat/10.1.13]
2024-06-26 16:20:54.847 INFO  --- [restartedMain] org.apache.catalina.core.ContainerBase.[Tomcat].[localhost].[/] Line:173 - Initializing Spring embedded WebApplicationContext
2024-06-26 16:20:54.848 INFO  --- [restartedMain] org.springframework.boot.web.servlet.context.ServletWebServerApplicationContext Line:291 - Root WebApplicationContext: initialization completed in 1711 ms
2024-06-26 16:20:55.778 INFO  --- [restartedMain] org.springframework.boot.autoconfigure.web.servlet.WelcomePageHandlerMapping Line:59  - Adding welcome page: class path resource [static/index.html]
2024-06-26 16:20:56.046 INFO  --- [restartedMain] org.springframework.boot.devtools.autoconfigure.OptionalLiveReloadServer Line:59  - LiveReload server is running on port 35729
2024-06-26 16:20:56.069 INFO  --- [restartedMain] org.apache.coyote.http11.Http11NioProtocol Line:173 - Starting ProtocolHandler ["http-nio-80"]
2024-06-26 16:20:56.094 INFO  --- [restartedMain] org.springframework.boot.web.embedded.tomcat.TomcatWebServer Line:220 - Tomcat started on port(s): 80 (http) with context path ''
2024-06-26 16:20:56.105 INFO  --- [restartedMain] com.kn.initialmusic.InitialMusicApplication Line:57  - Started InitialMusicApplication in 3.689 seconds (process running for 4.739)
2024-06-26 16:20:56.670 INFO  --- [http-nio-80-exec-1] org.apache.catalina.core.ContainerBase.[Tomcat].[localhost].[/] Line:173 - Initializing Spring DispatcherServlet 'dispatcherServlet'
2024-06-26 16:20:57.401 INFO  --- [http-nio-80-exec-2] com.alibaba.druid.pool.DruidDataSource Line:1002 - {dataSource-1} inited
2024-06-26 16:22:16.641 INFO  --- [SpringApplicationShutdownHook] com.alibaba.druid.pool.DruidDataSource Line:1885 - {dataSource-1} closing ...
2024-06-26 16:22:16.645 INFO  --- [SpringApplicationShutdownHook] com.alibaba.druid.pool.DruidDataSource Line:1955 - {dataSource-1} closed
2024-06-26 16:22:24.119 INFO  --- [restartedMain] com.kn.initialmusic.InitialMusicApplication Line:51  - Starting InitialMusicApplication using Java 17 with PID 12028 (D:\Workspeace\InitialMusic\target\classes started by 窃宁康 in D:\Workspeace\InitialMusic)
2024-06-26 16:22:24.124 INFO  --- [restartedMain] com.kn.initialmusic.InitialMusicApplication Line:638 - The following 1 profile is active: "dev"
2024-06-26 16:22:24.227 INFO  --- [restartedMain] org.springframework.boot.devtools.env.DevToolsPropertyDefaultsPostProcessor Line:250 - Devtools property defaults active! Set 'spring.devtools.add-properties' to 'false' to disable
2024-06-26 16:22:24.228 INFO  --- [restartedMain] org.springframework.boot.devtools.env.DevToolsPropertyDefaultsPostProcessor Line:250 - For additional web related logging consider setting the 'logging.level.web' property to 'DEBUG'
2024-06-26 16:22:25.149 INFO  --- [restartedMain] org.springframework.data.repository.config.RepositoryConfigurationDelegate Line:291 - Multiple Spring Data modules found, entering strict repository configuration mode
2024-06-26 16:22:25.152 INFO  --- [restartedMain] org.springframework.data.repository.config.RepositoryConfigurationDelegate Line:138 - Bootstrapping Spring Data Redis repositories in DEFAULT mode.
2024-06-26 16:22:25.182 INFO  --- [restartedMain] org.springframework.data.repository.config.RepositoryConfigurationDelegate Line:208 - Finished Spring Data repository scanning in 14 ms. Found 0 Redis repository interfaces.
2024-06-26 16:22:25.879 INFO  --- [restartedMain] org.springframework.boot.web.embedded.tomcat.TomcatWebServer Line:108 - Tomcat initialized with port(s): 80 (http)
2024-06-26 16:22:25.886 INFO  --- [restartedMain] org.apache.coyote.http11.Http11NioProtocol Line:173 - Initializing ProtocolHandler ["http-nio-80"]
2024-06-26 16:22:25.888 INFO  --- [restartedMain] org.apache.catalina.core.StandardService Line:173 - Starting service [Tomcat]
2024-06-26 16:22:25.889 INFO  --- [restartedMain] org.apache.catalina.core.StandardEngine Line:173 - Starting Servlet engine: [Apache Tomcat/10.1.13]
2024-06-26 16:22:25.952 INFO  --- [restartedMain] org.apache.catalina.core.ContainerBase.[Tomcat].[localhost].[/] Line:173 - Initializing Spring embedded WebApplicationContext
2024-06-26 16:22:25.953 INFO  --- [restartedMain] org.springframework.boot.web.servlet.context.ServletWebServerApplicationContext Line:291 - Root WebApplicationContext: initialization completed in 1724 ms
2024-06-26 16:22:26.857 INFO  --- [restartedMain] org.springframework.boot.autoconfigure.web.servlet.WelcomePageHandlerMapping Line:59  - Adding welcome page: class path resource [static/index.html]
2024-06-26 16:22:27.044 INFO  --- [restartedMain] org.springframework.boot.devtools.autoconfigure.OptionalLiveReloadServer Line:59  - LiveReload server is running on port 35729
2024-06-26 16:22:27.063 INFO  --- [restartedMain] org.apache.coyote.http11.Http11NioProtocol Line:173 - Starting ProtocolHandler ["http-nio-80"]
2024-06-26 16:22:27.088 INFO  --- [restartedMain] org.springframework.boot.web.embedded.tomcat.TomcatWebServer Line:220 - Tomcat started on port(s): 80 (http) with context path ''
2024-06-26 16:22:27.098 INFO  --- [restartedMain] com.kn.initialmusic.InitialMusicApplication Line:57  - Started InitialMusicApplication in 3.747 seconds (process running for 4.507)
2024-06-26 16:22:36.069 INFO  --- [http-nio-80-exec-1] org.apache.catalina.core.ContainerBase.[Tomcat].[localhost].[/] Line:173 - Initializing Spring DispatcherServlet 'dispatcherServlet'
2024-06-26 16:22:36.618 INFO  --- [http-nio-80-exec-2] com.alibaba.druid.pool.DruidDataSource Line:1002 - {dataSource-1} inited
2024-06-26 16:59:04.593 INFO  --- [SpringApplicationShutdownHook] com.alibaba.druid.pool.DruidDataSource Line:1885 - {dataSource-1} closing ...
2024-06-26 16:59:04.600 INFO  --- [SpringApplicationShutdownHook] com.alibaba.druid.pool.DruidDataSource Line:1955 - {dataSource-1} closed
